<?xml version="1.0" encoding="UTF-8"?>
<testng-results skipped="0" failed="0" total="1" passed="1">
  <reporter-output>
  </reporter-output>
  <suite name="Surefire suite" duration-ms="21436" started-at="2018-01-19T19:34:01Z" finished-at="2018-01-19T19:34:23Z">
    <groups>
    </groups>
    <test name="Surefire test" duration-ms="21436" started-at="2018-01-19T19:34:01Z" finished-at="2018-01-19T19:34:23Z">
      <class name="testcases.OrangeHrmLoginTest">
        <test-method status="PASS" signature="beforeSuite()[pri:0, instance:testcases.OrangeHrmLoginTest@16a51ab]" name="beforeSuite" is-config="true" duration-ms="466" started-at="2018-01-20T01:04:01Z" finished-at="2018-01-20T01:04:01Z">
          <reporter-output>
          </reporter-output>
        </test-method> <!-- beforeSuite -->
        <test-method status="PASS" signature="setUp()[pri:0, instance:testcases.OrangeHrmLoginTest@16a51ab]" name="setUp" is-config="true" duration-ms="1" started-at="2018-01-20T01:04:01Z" finished-at="2018-01-20T01:04:01Z">
          <reporter-output>
          </reporter-output>
        </test-method> <!-- setUp -->
        <test-method status="PASS" signature="beforeMethod()[pri:0, instance:testcases.OrangeHrmLoginTest@16a51ab]" name="beforeMethod" is-config="true" duration-ms="11683" started-at="2018-01-20T01:04:02Z" finished-at="2018-01-20T01:04:14Z">
          <reporter-output>
          </reporter-output>
        </test-method> <!-- beforeMethod -->
        <test-method status="PASS" signature="login(java.lang.String, java.lang.String)[pri:0, instance:testcases.OrangeHrmLoginTest@16a51ab]" name="login" duration-ms="7564" started-at="2018-01-20T01:04:14Z" data-provider="fetchdata" finished-at="2018-01-20T01:04:22Z">
          <params>
            <param index="0">
              <value>
                <![CDATA[Admin]]>
              </value>
            </param>
            <param index="1">
              <value>
                <![CDATA[admin]]>
              </value>
            </param>
          </params>
          <reporter-output>
          </reporter-output>
        </test-method> <!-- login -->
        <test-method status="PASS" signature="afterMethod()[pri:0, instance:testcases.OrangeHrmLoginTest@16a51ab]" name="afterMethod" is-config="true" duration-ms="1301" started-at="2018-01-20T01:04:22Z" finished-at="2018-01-20T01:04:23Z">
          <reporter-output>
          </reporter-output>
        </test-method> <!-- afterMethod -->
        <test-method status="PASS" signature="afterSuite()[pri:0, instance:testcases.OrangeHrmLoginTest@16a51ab]" name="afterSuite" is-config="true" duration-ms="391" started-at="2018-01-20T01:04:23Z" finished-at="2018-01-20T01:04:23Z">
          <reporter-output>
          </reporter-output>
        </test-method> <!-- afterSuite -->
      </class> <!-- testcases.OrangeHrmLoginTest -->
    </test> <!-- Surefire test -->
  </suite> <!-- Surefire suite -->
</testng-results>
