<?xml version="1.0" encoding="UTF-8"?>
<testng-results skipped="0" failed="0" ignored="0" total="1" passed="1">
  <reporter-output>
  </reporter-output>
  <suite name="Default suite" duration-ms="17238" started-at="2018-01-17T12:27:28Z" finished-at="2018-01-17T12:27:45Z">
    <groups>
    </groups>
    <test name="Default test" duration-ms="17238" started-at="2018-01-17T12:27:28Z" finished-at="2018-01-17T12:27:45Z">
      <class name="testcases.OrangeHrmLogin">
        <test-method status="PASS" signature="beforeSuite()[pri:0, instance:testcases.OrangeHrmLogin@dba097]" name="beforeSuite" is-config="true" duration-ms="274" started-at="2018-01-17T17:57:28Z" finished-at="2018-01-17T17:57:28Z">
          <reporter-output>
          </reporter-output>
        </test-method> <!-- beforeSuite -->
        <test-method status="PASS" signature="setUp()[pri:0, instance:testcases.OrangeHrmLogin@dba097]" name="setUp" is-config="true" duration-ms="1" started-at="2018-01-17T17:57:28Z" finished-at="2018-01-17T17:57:28Z">
          <reporter-output>
          </reporter-output>
        </test-method> <!-- setUp -->
        <test-method status="PASS" signature="beforeMethod()[pri:0, instance:testcases.OrangeHrmLogin@dba097]" name="beforeMethod" is-config="true" duration-ms="8379" started-at="2018-01-17T17:57:29Z" finished-at="2018-01-17T17:57:37Z">
          <reporter-output>
          </reporter-output>
        </test-method> <!-- beforeMethod -->
        <test-method status="PASS" signature="login(java.lang.String, java.lang.String)[pri:0, instance:testcases.OrangeHrmLogin@dba097]" name="login" duration-ms="6810" started-at="2018-01-17T17:57:37Z" data-provider="fetchdata" finished-at="2018-01-17T17:57:44Z">
          <params>
            <param index="0">
              <value>
                <![CDATA[Admin]]>
              </value>
            </param>
            <param index="1">
              <value>
                <![CDATA[admin]]>
              </value>
            </param>
          </params>
          <reporter-output>
          </reporter-output>
        </test-method> <!-- login -->
        <test-method status="PASS" signature="afterMethod()[pri:0, instance:testcases.OrangeHrmLogin@dba097]" name="afterMethod" is-config="true" duration-ms="1149" started-at="2018-01-17T17:57:44Z" finished-at="2018-01-17T17:57:45Z">
          <reporter-output>
          </reporter-output>
        </test-method> <!-- afterMethod -->
        <test-method status="PASS" signature="afterSuite()[pri:0, instance:testcases.OrangeHrmLogin@dba097]" name="afterSuite" is-config="true" duration-ms="383" started-at="2018-01-17T17:57:45Z" finished-at="2018-01-17T17:57:46Z">
          <reporter-output>
          </reporter-output>
        </test-method> <!-- afterSuite -->
      </class> <!-- testcases.OrangeHrmLogin -->
    </test> <!-- Default test -->
  </suite> <!-- Default suite -->
</testng-results>
